0 info it worked if it ends with ok
1 verbose cli [ '/usr/bin/nodejs',
1 verbose cli   '/usr/bin/npm',
1 verbose cli   'install',
1 verbose cli   'validator',
1 verbose cli   '--save' ]
2 info using npm@1.4.21
3 info using node@v0.10.29
4 warn package.json owasp-nodejs-goat@1.3.0 No repository field.
5 verbose readDependencies using package.json deps
6 verbose cache add [ 'validator', null ]
7 verbose cache add name=undefined spec="validator" args=["validator",null]
8 verbose parsed url { protocol: null,
8 verbose parsed url   slashes: null,
8 verbose parsed url   auth: null,
8 verbose parsed url   host: null,
8 verbose parsed url   port: null,
8 verbose parsed url   hostname: null,
8 verbose parsed url   hash: null,
8 verbose parsed url   search: null,
8 verbose parsed url   query: null,
8 verbose parsed url   pathname: 'validator',
8 verbose parsed url   path: 'validator',
8 verbose parsed url   href: 'validator' }
9 silly lockFile 03a182f7-validator validator
10 verbose lock validator /home/jbrown2/.npm/03a182f7-validator.lock
11 silly lockFile 03a182f7-validator validator
12 silly lockFile 03a182f7-validator validator
13 verbose addNamed [ 'validator', '' ]
14 verbose addNamed [ null, '*' ]
15 silly lockFile 82ae3f96-validator validator@
16 verbose lock validator@ /home/jbrown2/.npm/82ae3f96-validator.lock
17 silly addNameRange { name: 'validator', range: '*', hasData: false }
18 verbose request where is /validator
19 verbose request registry https://registry.npmjs.org/
20 verbose request id 47347ff2e180108e
21 verbose url raw /validator
22 verbose url resolving [ 'https://registry.npmjs.org/', './validator' ]
23 verbose url resolved https://registry.npmjs.org/validator
24 verbose request where is https://registry.npmjs.org/validator
25 info trying registry request attempt 1 at 10:33:11
26 verbose etag "5ab00c7e-450bb"
27 http GET https://registry.npmjs.org/validator
28 http 304 https://registry.npmjs.org/validator
29 silly registry.get cb [ 304,
29 silly registry.get   { date: 'Fri, 13 Apr 2018 14:33:11 GMT',
29 silly registry.get     via: '1.1 varnish',
29 silly registry.get     'cache-control': 'max-age=300',
29 silly registry.get     etag: '"5ab00c7e-450bb"',
29 silly registry.get     age: '5085',
29 silly registry.get     connection: 'keep-alive',
29 silly registry.get     'x-served-by': 'cache-bos8234-BOS',
29 silly registry.get     'x-cache': 'HIT',
29 silly registry.get     'x-cache-hits': '1',
29 silly registry.get     'x-timer': 'S1523629991.162711,VS0,VE15',
29 silly registry.get     vary: 'Accept-Encoding, Accept' } ]
30 verbose etag https://registry.npmjs.org/validator from cache
31 silly addNameRange number 2 { name: 'validator', range: '*', hasData: true }
32 silly addNameRange versions [ 'validator',
32 silly addNameRange   [ '0.1.0',
32 silly addNameRange     '0.1.1',
32 silly addNameRange     '0.1.2',
32 silly addNameRange     '0.1.3',
32 silly addNameRange     '0.1.4',
32 silly addNameRange     '0.1.5',
32 silly addNameRange     '0.1.6',
32 silly addNameRange     '0.1.7',
32 silly addNameRange     '0.1.8',
32 silly addNameRange     '0.1.9',
32 silly addNameRange     '0.2.0',
32 silly addNameRange     '0.2.1',
32 silly addNameRange     '0.2.2',
32 silly addNameRange     '0.2.3',
32 silly addNameRange     '0.2.4',
32 silly addNameRange     '0.2.5',
32 silly addNameRange     '0.2.6',
32 silly addNameRange     '0.2.7',
32 silly addNameRange     '0.2.8',
32 silly addNameRange     '0.2.9',
32 silly addNameRange     '0.3.0',
32 silly addNameRange     '0.3.1',
32 silly addNameRange     '0.3.2',
32 silly addNameRange     '0.3.4',
32 silly addNameRange     '0.3.5',
32 silly addNameRange     '0.3.6',
32 silly addNameRange     '0.3.7',
32 silly addNameRange     '0.3.8',
32 silly addNameRange     '0.3.9',
32 silly addNameRange     '0.4.0',
32 silly addNameRange     '0.4.1',
32 silly addNameRange     '0.4.2',
32 silly addNameRange     '0.4.3',
32 silly addNameRange     '0.4.4',
32 silly addNameRange     '0.4.5',
32 silly addNameRange     '0.4.6',
32 silly addNameRange     '0.4.6-1',
32 silly addNameRange     '0.4.6-2',
32 silly addNameRange     '0.4.6-3',
32 silly addNameRange     '0.4.7',
32 silly addNameRange     '0.4.8',
32 silly addNameRange     '0.4.9',
32 silly addNameRange     '0.4.10',
32 silly addNameRange     '0.4.11',
32 silly addNameRange     '0.4.12',
32 silly addNameRange     '0.4.13',
32 silly addNameRange     '0.4.15',
32 silly addNameRange     '0.4.16',
32 silly addNameRange     '0.4.17',
32 silly addNameRange     '0.4.18',
32 silly addNameRange     '0.4.19',
32 silly addNameRange     '0.4.20',
32 silly addNameRange     '0.4.21',
32 silly addNameRange     '0.4.22',
32 silly addNameRange     '0.4.23',
32 silly addNameRange     '0.4.24',
32 silly addNameRange     '0.4.25',
32 silly addNameRange     '0.4.27',
32 silly addNameRange     '0.4.28',
32 silly addNameRange     '0.5.0',
32 silly addNameRange     '1.0.0',
32 silly addNameRange     '1.1.0',
32 silly addNameRange     '1.1.1',
32 silly addNameRange     '1.1.2',
32 silly addNameRange     '1.1.3',
32 silly addNameRange     '1.2.0',
32 silly addNameRange     '1.2.1',
32 silly addNameRange     '1.2.2',
32 silly addNameRange     '1.3.0',
32 silly addNameRange     '1.4.0',
32 silly addNameRange     '1.5.0',
32 silly addNameRange     '1.5.1',
32 silly addNameRange     '2.0.0',
32 silly addNameRange     '2.1.0',
32 silly addNameRange     '3.0.0',
32 silly addNameRange     '3.1.0',
32 silly addNameRange     '3.2.0',
32 silly addNameRange     '3.2.1',
32 silly addNameRange     '3.3.0',
32 silly addNameRange     '3.4.0',
32 silly addNameRange     '3.5.0',
32 silly addNameRange     '3.5.1',
32 silly addNameRange     '3.6.0',
32 silly addNameRange     '3.7.0',
32 silly addNameRange     '3.8.0',
32 silly addNameRange     '3.9.0',
32 silly addNameRange     '3.10.0',
32 silly addNameRange     '3.11.0',
32 silly addNameRange     '3.11.1',
32 silly addNameRange     '3.11.2',
32 silly addNameRange     '3.12.0',
32 silly addNameRange     '3.13.0',
32 silly addNameRange     '3.14.0',
32 silly addNameRange     '3.14.1',
32 silly addNameRange     '3.15.0',
32 silly addNameRange     '3.16.0',
32 silly addNameRange     '3.16.1',
32 silly addNameRange     '3.17.0',
32 silly addNameRange     '3.17.1',
32 silly addNameRange     '3.17.2',
32 silly addNameRange     '3.18.0',
32 silly addNameRange     '3.18.1',
32 silly addNameRange     '3.19.0',
32 silly addNameRange     '3.19.1',
32 silly addNameRange     '3.20.0',
32 silly addNameRange     '3.21.0',
32 silly addNameRange     '3.22.0',
32 silly addNameRange     '3.22.1',
32 silly addNameRange     '3.22.2',
32 silly addNameRange     '3.23.0',
32 silly addNameRange     '3.24.0',
32 silly addNameRange     '3.25.0',
32 silly addNameRange     '3.26.0',
32 silly addNameRange     '3.27.0',
32 silly addNameRange     '3.28.0',
32 silly addNameRange     '3.29.0',
32 silly addNameRange     '3.30.0',
32 silly addNameRange     '3.32.0',
32 silly addNameRange     '3.33.0',
32 silly addNameRange     '3.34.0',
32 silly addNameRange     '3.35.0',
32 silly addNameRange     '3.36.0',
32 silly addNameRange     '3.37.0',
32 silly addNameRange     '3.38.0',
32 silly addNameRange     '3.39.0',
32 silly addNameRange     '3.40.0',
32 silly addNameRange     '3.40.1',
32 silly addNameRange     '3.41.0',
32 silly addNameRange     '3.41.1',
32 silly addNameRange     '3.41.2',
32 silly addNameRange     '3.41.3',
32 silly addNameRange     '3.42.0',
32 silly addNameRange     '3.43.0',
32 silly addNameRange     '4.0.0',
32 silly addNameRange     '4.0.1',
32 silly addNameRange     '4.0.2',
32 silly addNameRange     '4.0.3',
32 silly addNameRange     '4.0.4',
32 silly addNameRange     '4.0.5',
32 silly addNameRange     '4.0.6',
32 silly addNameRange     '4.1.0',
32 silly addNameRange     '4.2.0',
32 silly addNameRange     '4.2.1',
32 silly addNameRange     '4.3.0',
32 silly addNameRange     '4.4.0',
32 silly addNameRange     '4.5.0',
32 silly addNameRange     '4.5.1',
32 silly addNameRange     '4.5.2',
32 silly addNameRange     '4.6.0',
32 silly addNameRange     '4.6.1',
32 silly addNameRange     '4.7.0',
32 silly addNameRange     '4.7.1',
32 silly addNameRange     '4.8.0',
32 silly addNameRange     '4.9.0',
32 silly addNameRange     '5.0.0',
32 silly addNameRange     '5.1.0',
32 silly addNameRange     '5.2.0',
32 silly addNameRange     '5.3.0',
32 silly addNameRange     '5.4.0',
32 silly addNameRange     '5.5.0',
32 silly addNameRange     '5.6.0',
32 silly addNameRange     '5.7.0',
32 silly addNameRange     '6.0.0',
32 silly addNameRange     '6.1.0',
32 silly addNameRange     '6.2.0',
32 silly addNameRange     '6.2.1',
32 silly addNameRange     '6.3.0',
32 silly addNameRange     '7.0.0',
32 silly addNameRange     '7.1.0',
32 silly addNameRange     '7.2.0',
32 silly addNameRange     '8.0.0',
32 silly addNameRange     '8.1.0',
32 silly addNameRange     '8.2.0',
32 silly addNameRange     '9.0.0',
32 silly addNameRange     '9.1.0',
32 silly addNameRange     '9.1.1',
32 silly addNameRange     '9.1.2',
32 silly addNameRange     '9.2.0',
32 silly addNameRange     '9.3.0',
32 silly addNameRange     '9.4.0',
32 silly addNameRange     '9.4.1' ] ]
33 verbose addNamed [ 'validator', '9.4.1' ]
34 verbose addNamed [ '9.4.1', '9.4.1' ]
35 silly lockFile c6d0df23-validator-9-4-1 validator@9.4.1
36 verbose lock validator@9.4.1 /home/jbrown2/.npm/c6d0df23-validator-9-4-1.lock
37 silly lockFile c6d0df23-validator-9-4-1 validator@9.4.1
38 silly lockFile c6d0df23-validator-9-4-1 validator@9.4.1
39 silly lockFile 82ae3f96-validator validator@
40 silly lockFile 82ae3f96-validator validator@
41 silly resolved [ { name: 'validator',
41 silly resolved     description: 'String validation and sanitization',
41 silly resolved     version: '9.4.1',
41 silly resolved     homepage: 'http://github.com/chriso/validator.js',
41 silly resolved     files:
41 silly resolved      [ 'index.js',
41 silly resolved        'lib',
41 silly resolved        'README.md',
41 silly resolved        'LICENCE',
41 silly resolved        'validator.js',
41 silly resolved        'validator.min.js' ],
41 silly resolved     keywords:
41 silly resolved      [ 'validator',
41 silly resolved        'validation',
41 silly resolved        'validate',
41 silly resolved        'sanitization',
41 silly resolved        'sanitize',
41 silly resolved        'sanitisation',
41 silly resolved        'sanitise',
41 silly resolved        'assert' ],
41 silly resolved     author: { name: 'Chris O\'Hara', email: 'cohara87@gmail.com' },
41 silly resolved     main: 'index.js',
41 silly resolved     bugs: { url: 'http://github.com/chriso/validator.js/issues' },
41 silly resolved     repository:
41 silly resolved      { type: 'git',
41 silly resolved        url: 'git+ssh://git@github.com/chriso/validator.js.git' },
41 silly resolved     devDependencies:
41 silly resolved      { 'babel-cli': '^6.24.0',
41 silly resolved        'babel-plugin-add-module-exports': '^0.2.1',
41 silly resolved        'babel-preset-es2015': '^6.24.0',
41 silly resolved        'babel-preset-es2015-rollup': '^3.0.0',
41 silly resolved        eslint: '^4.0.0',
41 silly resolved        'eslint-config-airbnb-base': '^11.2.0',
41 silly resolved        'eslint-plugin-import': '^2.3.0',
41 silly resolved        mocha: '^3.1.2',
41 silly resolved        rollup: '^0.43.0',
41 silly resolved        'rollup-plugin-babel': '^2.7.1',
41 silly resolved        'uglify-js': '^3.0.19' },
41 silly resolved     scripts:
41 silly resolved      { lint: 'eslint src test',
41 silly resolved        'lint:fix': 'eslint --fix src test',
41 silly resolved        'clean:node': 'rm -rf index.js lib',
41 silly resolved        'clean:browser': 'rm -rf validator*.js',
41 silly resolved        clean: 'npm run clean:node && npm run clean:browser',
41 silly resolved        minify: 'uglifyjs validator.js -o validator.min.js  --compress --mangle --comments /Copyright/',
41 silly resolved        'build:browser': 'babel-node build-browser && npm run minify',
41 silly resolved        'build:node': 'babel src -d . --presets es2015 --plugins add-module-exports',
41 silly resolved        build: 'npm run build:browser && npm run build:node',
41 silly resolved        pretest: 'npm run lint && npm run build',
41 silly resolved        test: 'mocha --reporter spec' },
41 silly resolved     engines: { node: '>= 0.10' },
41 silly resolved     license: 'MIT',
41 silly resolved     gitHead: '748d4999ceb23a90f6c61b9cbdb1bc957e59ec92',
41 silly resolved     _id: 'validator@9.4.1',
41 silly resolved     _npmVersion: '5.6.0',
41 silly resolved     _nodeVersion: '9.5.0',
41 silly resolved     _npmUser: { name: 'cohara87', email: 'cohara87@gmail.com' },
41 silly resolved     dist:
41 silly resolved      { integrity: 'sha512-YV5KjzvRmSyJ1ee/Dm5UED0G+1L4GZnLN3w6/T+zZm8scVua4sOhYKWTUrKa0H/tMiJyO9QLHMPN+9mB/aMunA==',
41 silly resolved        shasum: 'abf466d398b561cd243050112c6ff1de6cc12663',
41 silly resolved        tarball: 'https://registry.npmjs.org/validator/-/validator-9.4.1.tgz',
41 silly resolved        fileCount: 77,
41 silly resolved        unpackedSize: 199796 },
41 silly resolved     maintainers: [ [Object] ],
41 silly resolved     directories: {},
41 silly resolved     _npmOperationalInternal:
41 silly resolved      { host: 's3://npm-registry-packages',
41 silly resolved        tmp: 'tmp/validator_9.4.1_1518941073514_0.5680744856349862' },
41 silly resolved     _shasum: 'abf466d398b561cd243050112c6ff1de6cc12663',
41 silly resolved     _from: 'validator@',
41 silly resolved     _resolved: 'https://registry.npmjs.org/validator/-/validator-9.4.1.tgz',
41 silly resolved     readme: 'ERROR: No README data found!' } ]
42 info install validator@9.4.1 into /vol/home/jbrown2/security_lab_new/cs132_securitylab
43 info installOne validator@9.4.1
44 verbose node_modules/validator unbuild
45 verbose tar unpack /home/jbrown2/.npm/validator/9.4.1/package.tgz
46 silly lockFile 90841a77-curitylab-node-modules-validator tar:///vol/home/jbrown2/security_lab_new/cs132_securitylab/node_modules/validator
47 verbose lock tar:///vol/home/jbrown2/security_lab_new/cs132_securitylab/node_modules/validator /home/jbrown2/.npm/90841a77-curitylab-node-modules-validator.lock
48 silly lockFile 581733f8--npm-validator-9-4-1-package-tgz tar:///home/jbrown2/.npm/validator/9.4.1/package.tgz
49 verbose lock tar:///home/jbrown2/.npm/validator/9.4.1/package.tgz /home/jbrown2/.npm/581733f8--npm-validator-9-4-1-package-tgz.lock
50 silly gunzTarPerm modes [ '755', '644' ]
51 silly gunzTarPerm extractEntry package.json
52 silly gunzTarPerm extractEntry CHANGELOG.md
53 silly gunzTarPerm extractEntry index.js
54 silly gunzTarPerm extractEntry LICENSE
55 silly gunzTarPerm extractEntry README.md
56 silly gunzTarPerm extractEntry validator.js
57 silly gunzTarPerm extractEntry validator.min.js
58 silly gunzTarPerm extractEntry lib/alpha.js
59 silly gunzTarPerm extractEntry lib/blacklist.js
60 silly gunzTarPerm extractEntry lib/contains.js
61 silly gunzTarPerm extractEntry lib/equals.js
62 silly gunzTarPerm extractEntry lib/escape.js
63 silly gunzTarPerm extractEntry lib/isAfter.js
64 silly gunzTarPerm extractEntry lib/isAlpha.js
65 silly gunzTarPerm extractEntry lib/isAlphanumeric.js
66 silly gunzTarPerm extractEntry lib/isAscii.js
67 silly gunzTarPerm extractEntry lib/isBase64.js
68 silly gunzTarPerm extractEntry lib/isBefore.js
69 silly gunzTarPerm extractEntry lib/isBoolean.js
70 silly gunzTarPerm extractEntry lib/isByteLength.js
71 silly gunzTarPerm extractEntry lib/isCreditCard.js
72 silly gunzTarPerm extractEntry lib/isCurrency.js
73 silly gunzTarPerm extractEntry lib/isDataURI.js
74 silly gunzTarPerm extractEntry lib/isDecimal.js
75 silly gunzTarPerm extractEntry lib/isDivisibleBy.js
76 silly gunzTarPerm extractEntry lib/isEmail.js
77 silly gunzTarPerm extractEntry lib/isEmpty.js
78 silly gunzTarPerm extractEntry lib/isFloat.js
79 silly gunzTarPerm extractEntry lib/isFQDN.js
80 silly gunzTarPerm extractEntry lib/isFullWidth.js
81 silly gunzTarPerm extractEntry lib/isHalfWidth.js
82 silly gunzTarPerm extractEntry lib/isHash.js
83 silly gunzTarPerm extractEntry lib/isHexadecimal.js
84 silly gunzTarPerm extractEntry lib/isHexColor.js
85 silly gunzTarPerm extractEntry lib/isIn.js
86 silly gunzTarPerm extractEntry lib/isInt.js
87 silly gunzTarPerm extractEntry lib/isIP.js
88 silly gunzTarPerm extractEntry lib/isISBN.js
89 silly gunzTarPerm extractEntry lib/isISIN.js
90 silly gunzTarPerm extractEntry lib/isISO31661Alpha2.js
91 silly gunzTarPerm extractEntry lib/isISO8601.js
92 silly gunzTarPerm extractEntry lib/isISRC.js
93 silly gunzTarPerm extractEntry lib/isISSN.js
94 silly gunzTarPerm extractEntry lib/isJSON.js
95 silly gunzTarPerm extractEntry lib/isLatLong.js
96 silly gunzTarPerm extractEntry lib/isLength.js
97 silly gunzTarPerm extractEntry lib/isLowercase.js
98 silly gunzTarPerm extractEntry lib/isMACAddress.js
99 silly gunzTarPerm extractEntry lib/isMD5.js
100 silly gunzTarPerm extractEntry lib/isMimeType.js
101 silly gunzTarPerm extractEntry lib/isMobilePhone.js
102 silly gunzTarPerm extractEntry lib/isMongoId.js
103 silly gunzTarPerm extractEntry lib/isMultibyte.js
104 silly gunzTarPerm extractEntry lib/isNumeric.js
105 silly gunzTarPerm extractEntry lib/isPort.js
106 silly gunzTarPerm extractEntry lib/isPostalCode.js
107 silly gunzTarPerm extractEntry lib/isSurrogatePair.js
108 silly gunzTarPerm extractEntry lib/isUppercase.js
109 silly gunzTarPerm extractEntry lib/isURL.js
110 silly gunzTarPerm extractEntry lib/isUUID.js
111 silly gunzTarPerm extractEntry lib/isVariableWidth.js
112 silly gunzTarPerm extractEntry lib/isWhitelisted.js
113 silly gunzTarPerm extractEntry lib/ltrim.js
114 silly gunzTarPerm extractEntry lib/matches.js
115 silly gunzTarPerm extractEntry lib/normalizeEmail.js
116 silly gunzTarPerm extractEntry lib/rtrim.js
117 silly gunzTarPerm extractEntry lib/stripLow.js
118 silly gunzTarPerm extractEntry lib/toBoolean.js
119 silly gunzTarPerm extractEntry lib/toDate.js
120 silly gunzTarPerm extractEntry lib/toFloat.js
121 silly gunzTarPerm extractEntry lib/toInt.js
122 silly gunzTarPerm extractEntry lib/trim.js
123 silly gunzTarPerm extractEntry lib/unescape.js
124 silly gunzTarPerm extractEntry lib/util/assertString.js
125 silly gunzTarPerm extractEntry lib/util/merge.js
126 silly gunzTarPerm extractEntry lib/util/toString.js
127 silly gunzTarPerm extractEntry lib/whitelist.js
128 silly lockFile 90841a77-curitylab-node-modules-validator tar:///vol/home/jbrown2/security_lab_new/cs132_securitylab/node_modules/validator
129 silly lockFile 90841a77-curitylab-node-modules-validator tar:///vol/home/jbrown2/security_lab_new/cs132_securitylab/node_modules/validator
130 silly lockFile 581733f8--npm-validator-9-4-1-package-tgz tar:///home/jbrown2/.npm/validator/9.4.1/package.tgz
131 silly lockFile 581733f8--npm-validator-9-4-1-package-tgz tar:///home/jbrown2/.npm/validator/9.4.1/package.tgz
132 info preinstall validator@9.4.1
133 verbose readDependencies using package.json deps
134 verbose readDependencies using package.json deps
135 silly resolved []
136 verbose about to build /vol/home/jbrown2/security_lab_new/cs132_securitylab/node_modules/validator
137 info build /vol/home/jbrown2/security_lab_new/cs132_securitylab/node_modules/validator
138 verbose linkStuff [ false,
138 verbose linkStuff   false,
138 verbose linkStuff   false,
138 verbose linkStuff   '/vol/home/jbrown2/security_lab_new/cs132_securitylab/node_modules' ]
139 info linkStuff validator@9.4.1
140 verbose linkBins validator@9.4.1
141 verbose linkMans validator@9.4.1
142 verbose rebuildBundles validator@9.4.1
143 info install validator@9.4.1
144 info postinstall validator@9.4.1
145 error peerinvalid The package any-db does not satisfy its siblings' peerDependencies requirements!
145 error peerinvalid Peer any-db-mysql@2.1.2 wants any-db@~2.1.0
146 error System Linux 3.16.0-4-amd64
147 error command "/usr/bin/nodejs" "/usr/bin/npm" "install" "validator" "--save"
148 error cwd /vol/home/jbrown2/security_lab_new/cs132_securitylab
149 error node -v v0.10.29
150 error npm -v 1.4.21
151 error code EPEERINVALID
152 verbose exit [ 1, true ]
